app/build/outputs/logs/manifest-merger-release-report.txt
-- Merging decision tree log ---
manifest
ADDED from src/main/AndroidManifest.xml:2:1-77:12
INJECTED from src/main/AndroidManifest.xml:2:1-77:12
INJECTED from src/main/AndroidManifest.xml:2:1-77:12
INJECTED from src/main/AndroidManifest.xml:2:1-77:12
MERGED from [com.github.badoualy:stepper-indicator:1.0.7] AndroidManifest.xml:2:1-14:12
MERGED from [com.github.medyo:android-about-page:1.2.4] AndroidManifest.xml:2:1-12:12
MERGED from [com.ms-square:expandableTextView:0.1.4] AndroidManifest.xml:2:1-11:12
MERGED from [com.android.support:design:27.1.0] AndroidManifest.xml:17:1-22:12
MERGED from [me.himanshusoni.quantityview:quantity-view:1.2.0] AndroidManifest.xml:2:1-16:12
MERGED from [br.com.simplepass:loading-button-android:1.14.0] AndroidManifest.xml:2:1-11:12
MERGED from [com.github.florent37:materialtextfield:1.0.7] AndroidManifest.xml:2:1-12:12
MERGED from [io.github.luizgrp.sectionedrecyclerviewadapter:sectionedrecyclerviewadapter:1.2.0] AndroidManifest.xml:2:1-15:12
MERGED from [com.github.javiersantos:BottomDialogs:1.2.1] AndroidManifest.xml:2:1-11:12
MERGED from [com.github.Shashank02051997:FancyGifDialog-Android:1.1] AndroidManifest.xml:2:1-11:12
MERGED from [com.afollestad.material-dialogs:core:0.9.6.0] AndroidManifest.xml:2:1-15:12
MERGED from [me.zhanghai.android.materialprogressbar:library:1.4.2] AndroidManifest.xml:6:1-16:12
MERGED from [com.android.support:appcompat-v7:27.1.1] AndroidManifest.xml:17:1-22:12
MERGED from [com.android.support.constraint:constraint-layout:1.0.2] AndroidManifest.xml:2:1-11:12
MERGED from [com.android.support:palette-v7:22.2.0] AndroidManifest.xml:17:1-25:12
MERGED from [com.github.systembugtj:autoupdate:1.6.8] AndroidManifest.xml:2:1-25:12
MERGED from [com.google.android.gms:play-services-location:12.0.0] AndroidManifest.xml:2:1-9:12
MERGED from [com.google.android.gms:play-services-base:12.0.0] AndroidManifest.xml:17:1-29:12
MERGED from [com.google.android.gms:play-services-tasks:12.0.0] AndroidManifest.xml:2:1-9:12
MERGED from [com.google.android.gms:play-services-basement:12.0.0] AndroidManifest.xml:17:1-28:12
MERGED from [com.android.support:support-v4:27.1.1] AndroidManifest.xml:17:1-22:12
MERGED from [com.github.Yalantis:GuillotineMenu-Android:1.2] AndroidManifest.xml:2:1-14:12
MERGED from [com.jakewharton:butterknife:8.8.1] AndroidManifest.xml:2:1-7:12
MERGED from [com.android.volley:volley:1.1.0] AndroidManifest.xml:2:1-11:12
MERGED from [com.android.support:cardview-v7:27.1.1] AndroidManifest.xml:17:1-22:12
MERGED from [de.hdodenhof:circleimageview:2.2.0] AndroidManifest.xml:2:1-11:12
MERGED from [org.zakariya.stickyheaders:stickyheaders:0.7.6] AndroidManifest.xml:2:1-16:12
MERGED from [com.android.support:recyclerview-v7:27.1.0] AndroidManifest.xml:17:1-22:12
MERGED from [com.github.clans:fab:1.6.4] AndroidManifest.xml:2:1-14:12
MERGED from [com.github.jlmd:AnimatedCircleLoadingView:1.1.5] AndroidManifest.xml:2:1-16:12
MERGED from [com.intuit.sdp:sdp-android:1.0.5] AndroidManifest.xml:2:1-11:12
MERGED from [com.android.support:transition:27.1.0] AndroidManifest.xml:17:1-22:12
MERGED from [com.android.support:support-fragment:27.1.1] AndroidManifest.xml:17:1-22:12
MERGED from [com.android.support:animated-vector-drawable:27.1.1] AndroidManifest.xml:17:1-22:12
MERGED from [com.android.support:support-core-ui:27.1.1] AndroidManifest.xml:17:1-22:12
MERGED from [com.android.support:support-core-utils:27.1.1] AndroidManifest.xml:17:1-22:12
MERGED from [com.android.support:support-vector-drawable:27.1.1] AndroidManifest.xml:17:1-22:12
MERGED from [com.android.support:support-media-compat:27.1.1] AndroidManifest.xml:17:1-22:12
MERGED from [com.android.support:support-compat:27.1.1] AndroidManifest.xml:17:1-22:12
MERGED from [com.google.android.gms:play-services-location-license:12.0.0] AndroidManifest.xml:2:1-8:12
MERGED from [pl.droidsonroids.gif:android-gif-drawable:1.2.10] AndroidManifest.xml:2:1-11:12
MERGED from [com.google.android.gms:play-services-base-license:12.0.0] AndroidManifest.xml:2:1-8:12
MERGED from [com.google.android.gms:play-services-basement-license:12.0.0] AndroidManifest.xml:2:1-8:12
MERGED from [com.google.android.gms:play-services-tasks-license:12.0.0] AndroidManifest.xml:2:1-8:12
MERGED from [android.arch.lifecycle:livedata-core:1.1.0] AndroidManifest.xml:17:1-22:12
MERGED from [android.arch.lifecycle:viewmodel:1.1.0] AndroidManifest.xml:17:1-22:12
MERGED from [android.arch.lifecycle:runtime:1.1.0] AndroidManifest.xml:17:1-22:12
MERGED from [android.arch.core:runtime:1.1.0] AndroidManifest.xml:17:1-22:12
INJECTED from src/main/AndroidManifest.xml:2:1-77:12
INJECTED from src/main/AndroidManifest.xml:2:1-77:12
INJECTED from src/main/AndroidManifest.xml:2:1-77:12
	package
		ADDED from src/main/AndroidManifest.xml:3:5-38
		INJECTED from src/main/AndroidManifest.xml
		INJECTED from src/main/AndroidManifest.xml
	android:versionName
		INJECTED from src/main/AndroidManifest.xml
		ADDED from src/main/AndroidManifest.xml:2:1-77:12
		INJECTED from src/main/AndroidManifest.xml
	android:versionCode
		INJECTED from src/main/AndroidManifest.xml
		ADDED from src/main/AndroidManifest.xml:2:1-77:12
		INJECTED from src/main/AndroidManifest.xml
	xmlns:android
		ADDED from src/main/AndroidManifest.xml:2:11-69
uses-permission#android.permission.ACCESS_FINE_LOCATION
ADDED from src/main/AndroidManifest.xml:5:5-79
	android:name
		ADDED from src/main/AndroidManifest.xml:5:22-76
uses-permission#android.permission.ACCESS_COARSE_LOCATION
ADDED from src/main/AndroidManifest.xml:6:5-81
	android:name
		ADDED from src/main/AndroidManifest.xml:6:22-78
uses-permission#android.permission.INTERNET
ADDED from src/main/AndroidManifest.xml:7:5-67
	android:name
		ADDED from src/main/AndroidManifest.xml:7:22-64
uses-permission#android.permission.ACCESS_NETWORK_STATE
ADDED from src/main/AndroidManifest.xml:8:5-79
	android:name
		ADDED from src/main/AndroidManifest.xml:8:22-76
uses-permission#android.permission.ACCESS_LOCATION_EXTRA_COMMANDS
ADDED from src/main/AndroidManifest.xml:9:5-89
	android:name
		ADDED from src/main/AndroidManifest.xml:9:22-86
uses-permission#android.permission.ACCESS_WIFI_STATE
ADDED from src/main/AndroidManifest.xml:10:5-76
	android:name
		ADDED from src/main/AndroidManifest.xml:10:22-73
application
ADDED from src/main/AndroidManifest.xml:12:5-75:19
MERGED from [com.github.badoualy:stepper-indicator:1.0.7] AndroidManifest.xml:12:5-20
MERGED from [com.github.badoualy:stepper-indicator:1.0.7] AndroidManifest.xml:12:5-20
MERGED from [com.ms-square:expandableTextView:0.1.4] AndroidManifest.xml:9:5-20
MERGED from [com.ms-square:expandableTextView:0.1.4] AndroidManifest.xml:9:5-20
MERGED from [me.himanshusoni.quantityview:quantity-view:1.2.0] AndroidManifest.xml:11:5-14:19
MERGED from [me.himanshusoni.quantityview:quantity-view:1.2.0] AndroidManifest.xml:11:5-14:19
MERGED from [io.github.luizgrp.sectionedrecyclerviewadapter:sectionedrecyclerviewadapter:1.2.0] AndroidManifest.xml:12:5-13:19
MERGED from [io.github.luizgrp.sectionedrecyclerviewadapter:sectionedrecyclerviewadapter:1.2.0] AndroidManifest.xml:12:5-13:19
MERGED from [com.afollestad.material-dialogs:core:0.9.6.0] AndroidManifest.xml:13:5-20
MERGED from [com.afollestad.material-dialogs:core:0.9.6.0] AndroidManifest.xml:13:5-20
MERGED from [com.android.support.constraint:constraint-layout:1.0.2] AndroidManifest.xml:9:5-20
MERGED from [com.android.support.constraint:constraint-layout:1.0.2] AndroidManifest.xml:9:5-20
MERGED from [com.android.support:palette-v7:22.2.0] AndroidManifest.xml:22:5-23:19
MERGED from [com.android.support:palette-v7:22.2.0] AndroidManifest.xml:22:5-23:19
MERGED from [com.github.systembugtj:autoupdate:1.6.8] AndroidManifest.xml:11:5-23:19
MERGED from [com.github.systembugtj:autoupdate:1.6.8] AndroidManifest.xml:11:5-23:19
MERGED from [com.google.android.gms:play-services-location:12.0.0] AndroidManifest.xml:7:5-20
MERGED from [com.google.android.gms:play-services-location:12.0.0] AndroidManifest.xml:7:5-20
MERGED from [com.google.android.gms:play-services-base:12.0.0] AndroidManifest.xml:22:5-27:19
MERGED from [com.google.android.gms:play-services-base:12.0.0] AndroidManifest.xml:22:5-27:19
MERGED from [com.google.android.gms:play-services-tasks:12.0.0] AndroidManifest.xml:7:5-20
MERGED from [com.google.android.gms:play-services-tasks:12.0.0] AndroidManifest.xml:7:5-20
MERGED from [com.google.android.gms:play-services-basement:12.0.0] AndroidManifest.xml:22:5-26:19
MERGED from [com.google.android.gms:play-services-basement:12.0.0] AndroidManifest.xml:22:5-26:19
MERGED from [com.github.Yalantis:GuillotineMenu-Android:1.2] AndroidManifest.xml:12:5-20
MERGED from [com.github.Yalantis:GuillotineMenu-Android:1.2] AndroidManifest.xml:12:5-20
MERGED from [com.android.volley:volley:1.1.0] AndroidManifest.xml:9:5-20
MERGED from [com.android.volley:volley:1.1.0] AndroidManifest.xml:9:5-20
MERGED from [de.hdodenhof:circleimageview:2.2.0] AndroidManifest.xml:9:5-20
MERGED from [de.hdodenhof:circleimageview:2.2.0] AndroidManifest.xml:9:5-20
MERGED from [org.zakariya.stickyheaders:stickyheaders:0.7.6] AndroidManifest.xml:11:5-14:19
MERGED from [org.zakariya.stickyheaders:stickyheaders:0.7.6] AndroidManifest.xml:11:5-14:19
MERGED from [com.github.clans:fab:1.6.4] AndroidManifest.xml:12:5-20
MERGED from [com.github.clans:fab:1.6.4] AndroidManifest.xml:12:5-20
MERGED from [com.github.jlmd:AnimatedCircleLoadingView:1.1.5] AndroidManifest.xml:11:5-14:19
MERGED from [com.github.jlmd:AnimatedCircleLoadingView:1.1.5] AndroidManifest.xml:11:5-14:19
MERGED from [com.google.android.gms:play-services-location-license:12.0.0] AndroidManifest.xml:5:5-6:19
MERGED from [com.google.android.gms:play-services-location-license:12.0.0] AndroidManifest.xml:5:5-6:19
MERGED from [com.google.android.gms:play-services-base-license:12.0.0] AndroidManifest.xml:5:5-6:19
MERGED from [com.google.android.gms:play-services-base-license:12.0.0] AndroidManifest.xml:5:5-6:19
MERGED from [com.google.android.gms:play-services-basement-license:12.0.0] AndroidManifest.xml:5:5-6:19
MERGED from [com.google.android.gms:play-services-basement-license:12.0.0] AndroidManifest.xml:5:5-6:19
MERGED from [com.google.android.gms:play-services-tasks-license:12.0.0] AndroidManifest.xml:5:5-6:19
MERGED from [com.google.android.gms:play-services-tasks-license:12.0.0] AndroidManifest.xml:5:5-6:19
	android:supportsRtl
		ADDED from src/main/AndroidManifest.xml:17:9-35
	android:label
		ADDED from src/main/AndroidManifest.xml:15:9-41
	android:roundIcon
		ADDED from src/main/AndroidManifest.xml:16:9-47
	android:icon
		ADDED from src/main/AndroidManifest.xml:14:9-42
	android:allowBackup
		ADDED from src/main/AndroidManifest.xml:13:9-35
	android:theme
		ADDED from src/main/AndroidManifest.xml:18:9-40
activity#com.food.hungerbite.app.LoginActivity
ADDED from src/main/AndroidManifest.xml:19:9-21:47
	android:theme
		ADDED from src/main/AndroidManifest.xml:21:13-44
	android:name
		ADDED from src/main/AndroidManifest.xml:20:13-42
activity#com.food.hungerbite.app.LocationActivity
ADDED from src/main/AndroidManifest.xml:22:9-24:59
	android:theme
		ADDED from src/main/AndroidManifest.xml:24:13-56
	android:name
		ADDED from src/main/AndroidManifest.xml:23:13-45
activity#com.food.hungerbite.app.RegisterationActivity
ADDED from src/main/AndroidManifest.xml:25:9-27:59
	android:theme
		ADDED from src/main/AndroidManifest.xml:27:13-56
	android:name
		ADDED from src/main/AndroidManifest.xml:26:13-50
activity#com.food.hungerbite.app.FirstActivity
ADDED from src/main/AndroidManifest.xml:28:9-30:59
	android:theme
		ADDED from src/main/AndroidManifest.xml:30:13-56
	android:name
		ADDED from src/main/AndroidManifest.xml:29:13-42
activity#com.food.hungerbite.app.MenuActivity
ADDED from src/main/AndroidManifest.xml:31:9-34:59
	android:label
		ADDED from src/main/AndroidManifest.xml:33:13-56
	android:theme
		ADDED from src/main/AndroidManifest.xml:34:13-56
	android:name
		ADDED from src/main/AndroidManifest.xml:32:13-41
provider#com.food.hungerbite.app.UserContentProvider
ADDED from src/main/AndroidManifest.xml:36:9-40:39
	android:enabled
		ADDED from src/main/AndroidManifest.xml:39:13-35
	android:authorities
		ADDED from src/main/AndroidManifest.xml:38:13-61
	android:exported
		ADDED from src/main/AndroidManifest.xml:40:13-36
	android:name
		ADDED from src/main/AndroidManifest.xml:37:13-48
activity#com.food.hungerbite.app.ShowCartActivity
ADDED from src/main/AndroidManifest.xml:42:9-45:15
	android:theme
		ADDED from src/main/AndroidManifest.xml:44:13-56
	android:name
		ADDED from src/main/AndroidManifest.xml:43:13-45
activity#com.food.hungerbite.app.CheckoutFormActivity
ADDED from src/main/AndroidManifest.xml:46:9-48:75
	android:theme
		ADDED from src/main/AndroidManifest.xml:48:13-72
	android:name
		ADDED from src/main/AndroidManifest.xml:47:13-49
meta-data#preloaded_fonts
ADDED from src/main/AndroidManifest.xml:50:9-52:57
	android:resource
		ADDED from src/main/AndroidManifest.xml:52:13-54
	android:name
		ADDED from src/main/AndroidManifest.xml:51:13-43
activity#com.food.hungerbite.app.TestActivity
ADDED from src/main/AndroidManifest.xml:54:9-56:59
	android:label
		ADDED from src/main/AndroidManifest.xml:56:13-56
	android:name
		ADDED from src/main/AndroidManifest.xml:55:13-41
activity#com.food.hungerbite.app.CheckoutActivity
ADDED from src/main/AndroidManifest.xml:57:9-61:20
	android:label
		ADDED from src/main/AndroidManifest.xml:59:13-46
	android:name
		ADDED from src/main/AndroidManifest.xml:58:13-45
activity#com.food.hungerbite.app.ScrollingActivity
ADDED from src/main/AndroidManifest.xml:62:9-64:64
	android:label
		ADDED from src/main/AndroidManifest.xml:64:13-61
	android:name
		ADDED from src/main/AndroidManifest.xml:63:13-46
activity#com.food.hungerbite.app.MainActivity
ADDED from src/main/AndroidManifest.xml:65:9-73:20
	android:theme
		ADDED from src/main/AndroidManifest.xml:67:13-56
	android:name
		ADDED from src/main/AndroidManifest.xml:66:13-41
intent-filter#action:name:android.intent.action.MAIN+category:name:android.intent.category.LAUNCHER
ADDED from src/main/AndroidManifest.xml:68:13-72:29
action#android.intent.action.MAIN
ADDED from src/main/AndroidManifest.xml:69:17-69
	android:name
		ADDED from src/main/AndroidManifest.xml:69:25-66
category#android.intent.category.LAUNCHER
ADDED from src/main/AndroidManifest.xml:71:17-77
	android:name
		ADDED from src/main/AndroidManifest.xml:71:27-74
activity#com.food.hungerbite.app.NoLoginAvtivity
ADDED from src/main/AndroidManifest.xml:74:9-53
	android:name
		ADDED from src/main/AndroidManifest.xml:74:19-50
uses-sdk
INJECTED from src/main/AndroidManifest.xml reason: use-sdk injection requested
INJECTED from src/main/AndroidManifest.xml
INJECTED from src/main/AndroidManifest.xml
MERGED from [com.github.badoualy:stepper-indicator:1.0.7] AndroidManifest.xml:8:5-10:41
MERGED from [com.github.badoualy:stepper-indicator:1.0.7] AndroidManifest.xml:8:5-10:41
MERGED from [com.github.medyo:android-about-page:1.2.4] AndroidManifest.xml:8:5-10:41
MERGED from [com.github.medyo:android-about-page:1.2.4] AndroidManifest.xml:8:5-10:41
MERGED from [com.ms-square:expandableTextView:0.1.4] AndroidManifest.xml:5:5-7:41
MERGED from [com.ms-square:expandableTextView:0.1.4] AndroidManifest.xml:5:5-7:41
MERGED from [com.android.support:design:27.1.0] AndroidManifest.xml:20:5-44
MERGED from [com.android.support:design:27.1.0] AndroidManifest.xml:20:5-44
MERGED from [me.himanshusoni.quantityview:quantity-view:1.2.0] AndroidManifest.xml:7:5-9:41
MERGED from [me.himanshusoni.quantityview:quantity-view:1.2.0] AndroidManifest.xml:7:5-9:41
MERGED from [br.com.simplepass:loading-button-android:1.14.0] AndroidManifest.xml:7:5-9:41
MERGED from [br.com.simplepass:loading-button-android:1.14.0] AndroidManifest.xml:7:5-9:41
MERGED from [com.github.florent37:materialtextfield:1.0.7] AndroidManifest.xml:8:5-10:41
MERGED from [com.github.florent37:materialtextfield:1.0.7] AndroidManifest.xml:8:5-10:41
MERGED from [io.github.luizgrp.sectionedrecyclerviewadapter:sectionedrecyclerviewadapter:1.2.0] AndroidManifest.xml:8:5-10:41
MERGED from [io.github.luizgrp.sectionedrecyclerviewadapter:sectionedrecyclerviewadapter:1.2.0] AndroidManifest.xml:8:5-10:41
MERGED from [com.github.javiersantos:BottomDialogs:1.2.1] AndroidManifest.xml:7:5-9:41
MERGED from [com.github.javiersantos:BottomDialogs:1.2.1] AndroidManifest.xml:7:5-9:41
MERGED from [com.github.Shashank02051997:FancyGifDialog-Android:1.1] AndroidManifest.xml:7:5-9:41
MERGED from [com.github.Shashank02051997:FancyGifDialog-Android:1.1] AndroidManifest.xml:7:5-9:41
MERGED from [com.afollestad.material-dialogs:core:0.9.6.0] AndroidManifest.xml:8:5-11:75
MERGED from [com.afollestad.material-dialogs:core:0.9.6.0] AndroidManifest.xml:8:5-11:75
MERGED from [me.zhanghai.android.materialprogressbar:library:1.4.2] AndroidManifest.xml:12:5-14:41
MERGED from [me.zhanghai.android.materialprogressbar:library:1.4.2] AndroidManifest.xml:12:5-14:41
MERGED from [com.android.support:appcompat-v7:27.1.1] AndroidManifest.xml:20:5-44
MERGED from [com.android.support:appcompat-v7:27.1.1] AndroidManifest.xml:20:5-44
MERGED from [com.android.support.constraint:constraint-layout:1.0.2] AndroidManifest.xml:5:5-7:41
MERGED from [com.android.support.constraint:constraint-layout:1.0.2] AndroidManifest.xml:5:5-7:41
MERGED from [com.android.support:palette-v7:22.2.0] AndroidManifest.xml:20:5-43
MERGED from [com.android.support:palette-v7:22.2.0] AndroidManifest.xml:20:5-43
MERGED from [com.github.systembugtj:autoupdate:1.6.8] AndroidManifest.xml:7:5-9:41
MERGED from [com.github.systembugtj:autoupdate:1.6.8] AndroidManifest.xml:7:5-9:41
MERGED from [com.google.android.gms:play-services-location:12.0.0] AndroidManifest.xml:5:5-44
MERGED from [com.google.android.gms:play-services-location:12.0.0] AndroidManifest.xml:5:5-44
MERGED from [com.google.android.gms:play-services-base:12.0.0] AndroidManifest.xml:20:5-44
MERGED from [com.google.android.gms:play-services-base:12.0.0] AndroidManifest.xml:20:5-44
MERGED from [com.google.android.gms:play-services-tasks:12.0.0] AndroidManifest.xml:5:5-44
MERGED from [com.google.android.gms:play-services-tasks:12.0.0] AndroidManifest.xml:5:5-44
MERGED from [com.google.android.gms:play-services-basement:12.0.0] AndroidManifest.xml:20:5-44
MERGED from [com.google.android.gms:play-services-basement:12.0.0] AndroidManifest.xml:20:5-44
MERGED from [com.android.support:support-v4:27.1.1] AndroidManifest.xml:20:5-44
MERGED from [com.android.support:support-v4:27.1.1] AndroidManifest.xml:20:5-44
MERGED from [com.github.Yalantis:GuillotineMenu-Android:1.2] AndroidManifest.xml:8:5-10:41
MERGED from [com.github.Yalantis:GuillotineMenu-Android:1.2] AndroidManifest.xml:8:5-10:41
MERGED from [com.jakewharton:butterknife:8.8.1] AndroidManifest.xml:5:5-43
MERGED from [com.jakewharton:butterknife:8.8.1] AndroidManifest.xml:5:5-43
MERGED from [com.android.volley:volley:1.1.0] AndroidManifest.xml:7:5-43
MERGED from [com.android.volley:volley:1.1.0] AndroidManifest.xml:7:5-43
MERGED from [com.android.support:cardview-v7:27.1.1] AndroidManifest.xml:20:5-44
MERGED from [com.android.support:cardview-v7:27.1.1] AndroidManifest.xml:20:5-44
MERGED from [de.hdodenhof:circleimageview:2.2.0] AndroidManifest.xml:5:5-7:41
MERGED from [de.hdodenhof:circleimageview:2.2.0] AndroidManifest.xml:5:5-7:41
MERGED from [org.zakariya.stickyheaders:stickyheaders:0.7.6] AndroidManifest.xml:7:5-9:41
MERGED from [org.zakariya.stickyheaders:stickyheaders:0.7.6] AndroidManifest.xml:7:5-9:41
MERGED from [com.android.support:recyclerview-v7:27.1.0] AndroidManifest.xml:20:5-44
MERGED from [com.android.support:recyclerview-v7:27.1.0] AndroidManifest.xml:20:5-44
MERGED from [com.github.clans:fab:1.6.4] AndroidManifest.xml:8:5-10:41
MERGED from [com.github.clans:fab:1.6.4] AndroidManifest.xml:8:5-10:41
MERGED from [com.github.jlmd:AnimatedCircleLoadingView:1.1.5] AndroidManifest.xml:7:5-9:41
MERGED from [com.github.jlmd:AnimatedCircleLoadingView:1.1.5] AndroidManifest.xml:7:5-9:41
MERGED from [com.intuit.sdp:sdp-android:1.0.5] AndroidManifest.xml:7:5-9:41
MERGED from [com.intuit.sdp:sdp-android:1.0.5] AndroidManifest.xml:7:5-9:41
MERGED from [com.android.support:transition:27.1.0] AndroidManifest.xml:20:5-44
MERGED from [com.android.support:transition:27.1.0] AndroidManifest.xml:20:5-44
MERGED from [com.android.support:support-fragment:27.1.1] AndroidManifest.xml:20:5-44
MERGED from [com.android.support:support-fragment:27.1.1] AndroidManifest.xml:20:5-44
MERGED from [com.android.support:animated-vector-drawable:27.1.1] AndroidManifest.xml:20:5-44
MERGED from [com.android.support:animated-vector-drawable:27.1.1] AndroidManifest.xml:20:5-44
MERGED from [com.android.support:support-core-ui:27.1.1] AndroidManifest.xml:20:5-44
MERGED from [com.android.support:support-core-ui:27.1.1] AndroidManifest.xml:20:5-44
MERGED from [com.android.support:support-core-utils:27.1.1] AndroidManifest.xml:20:5-44
MERGED from [com.android.support:support-core-utils:27.1.1] AndroidManifest.xml:20:5-44
MERGED from [com.android.support:support-vector-drawable:27.1.1] AndroidManifest.xml:20:5-44
MERGED from [com.android.support:support-vector-drawable:27.1.1] AndroidManifest.xml:20:5-44
MERGED from [com.android.support:support-media-compat:27.1.1] AndroidManifest.xml:20:5-44
MERGED from [com.android.support:support-media-compat:27.1.1] AndroidManifest.xml:20:5-44
MERGED from [com.android.support:support-compat:27.1.1] AndroidManifest.xml:20:5-44
MERGED from [com.android.support:support-compat:27.1.1] AndroidManifest.xml:20:5-44
MERGED from [pl.droidsonroids.gif:android-gif-drawable:1.2.10] AndroidManifest.xml:7:5-9:41
MERGED from [pl.droidsonroids.gif:android-gif-drawable:1.2.10] AndroidManifest.xml:7:5-9:41
MERGED from [android.arch.lifecycle:livedata-core:1.1.0] AndroidManifest.xml:20:5-44
MERGED from [android.arch.lifecycle:livedata-core:1.1.0] AndroidManifest.xml:20:5-44
MERGED from [android.arch.lifecycle:viewmodel:1.1.0] AndroidManifest.xml:20:5-44
MERGED from [android.arch.lifecycle:viewmodel:1.1.0] AndroidManifest.xml:20:5-44
MERGED from [android.arch.lifecycle:runtime:1.1.0] AndroidManifest.xml:20:5-44
MERGED from [android.arch.lifecycle:runtime:1.1.0] AndroidManifest.xml:20:5-44
MERGED from [android.arch.core:runtime:1.1.0] AndroidManifest.xml:20:5-44
MERGED from [android.arch.core:runtime:1.1.0] AndroidManifest.xml:20:5-44
INJECTED from src/main/AndroidManifest.xml
INJECTED from src/main/AndroidManifest.xml
	tools:overrideLibrary
		ADDED from [com.afollestad.material-dialogs:core:0.9.6.0] AndroidManifest.xml:11:9-72
	android:targetSdkVersion
		INJECTED from src/main/AndroidManifest.xml
		ADDED from src/main/AndroidManifest.xml
		INJECTED from src/main/AndroidManifest.xml
	android:minSdkVersion
		INJECTED from src/main/AndroidManifest.xml
		ADDED from src/main/AndroidManifest.xml
		INJECTED from src/main/AndroidManifest.xml
provider#android.support.v4.content.FileProvider
ADDED from [com.github.systembugtj:autoupdate:1.6.8] AndroidManifest.xml:14:9-22:20
	android:grantUriPermissions
		ADDED from [com.github.systembugtj:autoupdate:1.6.8] AndroidManifest.xml:18:13-47
	android:authorities
		ADDED from [com.github.systembugtj:autoupdate:1.6.8] AndroidManifest.xml:16:13-51
	android:exported
		ADDED from [com.github.systembugtj:autoupdate:1.6.8] AndroidManifest.xml:17:13-37
	android:name
		ADDED from [com.github.systembugtj:autoupdate:1.6.8] AndroidManifest.xml:15:13-67
meta-data#android.support.FILE_PROVIDER_PATHS
ADDED from [com.github.systembugtj:autoupdate:1.6.8] AndroidManifest.xml:19:13-21:49
	android:resource
		ADDED from [com.github.systembugtj:autoupdate:1.6.8] AndroidManifest.xml:21:17-46
	android:name
		ADDED from [com.github.systembugtj:autoupdate:1.6.8] AndroidManifest.xml:20:17-67
activity#com.google.android.gms.common.api.GoogleApiActivity
ADDED from [com.google.android.gms:play-services-base:12.0.0] AndroidManifest.xml:23:9-26:75
	android:exported
		ADDED from [com.google.android.gms:play-services-base:12.0.0] AndroidManifest.xml:25:13-37
	android:theme
		ADDED from [com.google.android.gms:play-services-base:12.0.0] AndroidManifest.xml:26:13-72
	android:name
		ADDED from [com.google.android.gms:play-services-base:12.0.0] AndroidManifest.xml:24:13-79
meta-data#com.google.android.gms.version
ADDED from [com.google.android.gms:play-services-basement:12.0.0] AndroidManifest.xml:23:9-25:69
	android:value
		ADDED from [com.google.android.gms:play-services-basement:12.0.0] AndroidManifest.xml:25:13-66
	android:name
		ADDED from [com.google.android.gms:play-services-basement:12.0.0] AndroidManifest.xml:24:13-58
uses-permission#android.permission.WRITE_EXTERNAL_STORAGE
IMPLIED from src/main/AndroidManifest.xml:2:1-77:12 reason: com.google.android.gms.license has a targetSdkVersion < 4
uses-permission#android.permission.READ_PHONE_STATE
IMPLIED from src/main/AndroidManifest.xml:2:1-77:12 reason: com.google.android.gms.license has a targetSdkVersion < 4
uses-permission#android.permission.READ_EXTERNAL_STORAGE
IMPLIED from src/main/AndroidManifest.xml:2:1-77:12 reason: com.google.android.gms.license requested WRITE_EXTERNAL_STORAGE